2017-04-09 12:09:47 : Peer 1002 establishing connection with peer 1001 .
2017-04-09 12:09:49 : Peer 1002 is unchoked by 1001.
2017-04-09 12:09:49 : Peer 1002 has downloaded the piece 6 from peer 1001. Total pieces it possess 1.
2017-04-09 12:09:49 : Peer 1002 received the 'not interested' message from 1001.
2017-04-09 12:09:49 : Peer 1002 has downloaded the piece 18 from peer 1001. Total pieces it possess 2.
2017-04-09 12:09:49 : Peer 1002 received the 'not interested' message from 1001.
2017-04-09 12:09:49 : Peer 1002 has downloaded the piece 23 from peer 1001. Total pieces it possess 3.
2017-04-09 12:09:49 : Peer 1002 received the 'not interested' message from 1001.
2017-04-09 12:09:49 : Peer 1002 has downloaded the piece 3 from peer 1001. Total pieces it possess 4.
2017-04-09 12:09:49 : Peer 1002 received the 'not interested' message from 1001.
2017-04-09 12:09:49 : Peer 1002 has downloaded the piece 9 from peer 1001. Total pieces it possess 5.
2017-04-09 12:09:49 : Peer 1002 received the 'not interested' message from 1001.
2017-04-09 12:09:49 : Peer 1002 has downloaded the piece 5 from peer 1001. Total pieces it possess 6.
2017-04-09 12:09:49 : Peer 1002 received the 'not interested' message from 1001.
2017-04-09 12:09:49 : Peer 1002 has downloaded the piece 0 from peer 1001. Total pieces it possess 7.
2017-04-09 12:09:49 : Peer 1002 received the 'not interested' message from 1001.
2017-04-09 12:09:49 : Peer 1002 has downloaded the piece 12 from peer 1001. Total pieces it possess 8.
2017-04-09 12:09:49 : Peer 1002 received the 'not interested' message from 1001.
2017-04-09 12:09:50 : Peer 1002 has downloaded the piece 13 from peer 1001. Total pieces it possess 9.
2017-04-09 12:09:50 : Peer 1002 received the 'not interested' message from 1001.
2017-04-09 12:09:50 : Peer 1002 has downloaded the piece 25 from peer 1001. Total pieces it possess 10.
2017-04-09 12:09:50 : Peer 1002 received the 'not interested' message from 1001.
2017-04-09 12:09:50 : Peer 1002 has downloaded the piece 17 from peer 1001. Total pieces it possess 11.
2017-04-09 12:09:50 : Peer 1002 received the 'not interested' message from 1001.
2017-04-09 12:09:50 : Peer 1002 has downloaded the piece 11 from peer 1001. Total pieces it possess 12.
2017-04-09 12:09:50 : Peer 1002 received the 'not interested' message from 1001.
2017-04-09 12:09:50 : Peer 1002 has downloaded the piece 15 from peer 1001. Total pieces it possess 13.
2017-04-09 12:09:50 : Peer 1002 received the 'not interested' message from 1001.
2017-04-09 12:09:50 : Peer 1002 has downloaded the piece 1 from peer 1001. Total pieces it possess 14.
2017-04-09 12:09:50 : Peer 1002 received the 'not interested' message from 1001.
2017-04-09 12:09:50 : Peer 1002 has downloaded the piece 20 from peer 1001. Total pieces it possess 15.
2017-04-09 12:09:50 : Peer 1002 received the 'not interested' message from 1001.
2017-04-09 12:09:50 : Peer 1002 has downloaded the piece 2 from peer 1001. Total pieces it possess 16.
2017-04-09 12:09:50 : Peer 1002 received the 'not interested' message from 1001.
2017-04-09 12:09:50 : Peer 1002 has downloaded the piece 7 from peer 1001. Total pieces it possess 17.
2017-04-09 12:09:50 : Peer 1002 received the 'not interested' message from 1001.
2017-04-09 12:09:50 : Peer 1002 has downloaded the piece 26 from peer 1001. Total pieces it possess 18.
2017-04-09 12:09:50 : Peer 1002 received the 'not interested' message from 1001.
2017-04-09 12:09:50 : Peer 1002 has downloaded the piece 4 from peer 1001. Total pieces it possess 19.
2017-04-09 12:09:50 : Peer 1002 received the 'not interested' message from 1001.
2017-04-09 12:09:50 : Peer 1002 has downloaded the piece 19 from peer 1001. Total pieces it possess 20.
2017-04-09 12:09:51 : Peer 1002 received the 'not interested' message from 1001.
2017-04-09 12:09:51 : Peer 1002 has downloaded the piece 24 from peer 1001. Total pieces it possess 21.
2017-04-09 12:09:51 : Peer 1002 received the 'not interested' message from 1001.
2017-04-09 12:09:51 : Peer 1002 has downloaded the piece 21 from peer 1001. Total pieces it possess 22.
2017-04-09 12:09:51 : Peer 1002 received the 'not interested' message from 1001.
2017-04-09 12:09:51 : Peer 1002 has downloaded the piece 22 from peer 1001. Total pieces it possess 23.
2017-04-09 12:09:51 : Peer 1002 received the 'not interested' message from 1001.
2017-04-09 12:09:51 : Peer 1002 has downloaded the piece 8 from peer 1001. Total pieces it possess 24.
2017-04-09 12:09:51 : Peer 1002 received the 'not interested' message from 1001.
2017-04-09 12:09:51 : Peer 1002 has downloaded the piece 10 from peer 1001. Total pieces it possess 25.
2017-04-09 12:09:51 : Peer 1002 received the 'not interested' message from 1001.
2017-04-09 12:09:51 : Peer 1002 has downloaded the piece 14 from peer 1001. Total pieces it possess 26.
2017-04-09 12:09:51 : Peer 1002 received the 'not interested' message from 1001.
2017-04-09 12:09:51 : Peer 1002 has downloaded the piece 16 from peer 1001. Total pieces it possess 27.
2017-04-09 12:09:51 : Peer 1002 received the 'not interested' message from 1001.
2017-04-09 12:09:51 : Peer 1002 complete file has been downloaded. 
2017-04-09 12:09:51 : Peer 1002 has downloaded the piece 27 from peer 1001. Total pieces it possess 28.
2017-04-09 12:09:51 : Peer 1002 received the 'not interested' message from 1001.
